<?xml version="1.0" encoding="UTF-8"?>
<!-- Generated by org.testng.reporters.JUnitXMLReporter -->
<testsuite hostname="EC2AMAZ-NDM7R0M" ignored="0" name="IE Test" tests="1" failures="1" timestamp="13 Aug 2018 07:08:17 GMT" time="0.059" errors="0">
  <testcase name="test1" time="0.006" classname="demo.TestNGMultiBrowserTestingDemo">
    <failure type="java.lang.NullPointerException">
      <![CDATA[java.lang.NullPointerException
at demo.TestNGMultiBrowserTestingDemo.test1(TestNGMultiBrowserTestingDemo.java:44)
at java.util.concurrent.FutureTask.run(Unknown Source)
at java.util.concurrent.ThreadPoolExecutor.runWorker(Unknown Source)
at java.util.concurrent.ThreadPoolExecutor$Worker.run(Unknown Source)
at java.lang.Thread.run(Unknown Source)
... Removed 16 stack frames]]>
    </failure>
  </testcase> <!-- test1 -->
</testsuite> <!-- IE Test -->
