<?xml version="1.0" encoding="UTF-8"?>
<!-- Generated by org.testng.reporters.JUnitReportReporter -->
<testsuite skipped="0" hostname="EC2AMAZ-NDM7R0M" name="demo.TestNGGroupingDemo" tests="3" failures="0" timestamp="14 Aug 2018 08:41:26 GMT" time="0.013" errors="0">
  <testcase name="test6" time="0.002" classname="demo.TestNGGroupingDemo"/>
  <testcase name="test4" time="0.010" classname="demo.TestNGGroupingDemo"/>
  <testcase name="test5" time="0.001" classname="demo.TestNGGroupingDemo"/>
</testsuite> <!-- demo.TestNGGroupingDemo -->
