<?xml version="1.0" encoding="UTF-8"?>
<!-- Generated by org.testng.reporters.JUnitReportReporter -->
<testsuite skipped="0" hostname="EC2AMAZ-NDM7R0M" name="utils.ExcelDataProvider" tests="3" failures="0" timestamp="10 Aug 2018 09:48:03 GMT" time="7.272" errors="0">
  <testcase name="test1" time="2.261" classname="utils.ExcelDataProvider"/>
  <testcase name="test1" time="2.249" classname="utils.ExcelDataProvider"/>
  <testcase name="test1" time="2.762" classname="utils.ExcelDataProvider"/>
</testsuite> <!-- utils.ExcelDataProvider -->
