<?xml version="1.0" encoding="UTF-8"?>
<!-- Generated by org.testng.reporters.JUnitReportReporter -->
<testsuite skipped="0" hostname="EC2AMAZ-NDM7R0M" name="test.ExtentReportsWithTestNG_Demo" tests="2" failures="0" timestamp="03 Aug 2018 09:40:14 GMT" time="0.024" errors="0">
  <testcase name="test2" time="0.001" classname="test.ExtentReportsWithTestNG_Demo"/>
  <testcase name="test1" time="0.023" classname="test.ExtentReportsWithTestNG_Demo"/>
</testsuite> <!-- test.ExtentReportsWithTestNG_Demo -->
