<?xml version="1.0" encoding="UTF-8"?>
<!-- Generated by org.testng.reporters.JUnitReportReporter -->
<testsuite skipped="0" hostname="EC2AMAZ-NDM7R0M" name="test.ExtentReportsDemoWithTestNG" tests="2" failures="0" timestamp="03 Aug 2018 10:11:58 GMT" time="0.331" errors="0">
  <testcase name="test1" time="0.329" classname="test.ExtentReportsDemoWithTestNG"/>
  <testcase name="test2" time="0.002" classname="test.ExtentReportsDemoWithTestNG"/>
</testsuite> <!-- test.ExtentReportsDemoWithTestNG -->
