<?xml version="1.0" encoding="UTF-8"?>
<!-- Generated by org.testng.reporters.JUnitReportReporter -->
<testsuite skipped="0" hostname="EC2AMAZ-NDM7R0M" name="demo1.TestNGPriorityDemo" tests="3" failures="0" timestamp="13 Aug 2018 04:56:14 GMT" time="0.014" errors="0">
  <testcase name="Three" time="0.012" classname="demo1.TestNGPriorityDemo"/>
  <testcase name="Two" time="0.001" classname="demo1.TestNGPriorityDemo"/>
  <testcase name="One" time="0.001" classname="demo1.TestNGPriorityDemo"/>
</testsuite> <!-- demo1.TestNGPriorityDemo -->
