<?xml version="1.0" encoding="UTF-8"?>
<!-- Generated by org.testng.reporters.JUnitReportReporter -->
<testsuite skipped="0" hostname="EC2AMAZ-NDM7R0M" name="demo.TestNGPriorityDemo" tests="3" failures="0" timestamp="13 Aug 2018 05:15:11 GMT" time="0.014" errors="0">
  <testcase name="one" time="0.012" classname="demo.TestNGPriorityDemo"/>
  <testcase name="three" time="0.001" classname="demo.TestNGPriorityDemo"/>
  <testcase name="two" time="0.001" classname="demo.TestNGPriorityDemo"/>
</testsuite> <!-- demo.TestNGPriorityDemo -->
