<?xml version="1.0" encoding="UTF-8"?>
<!-- Generated by org.testng.reporters.JUnitReportReporter -->
<testsuite skipped="0" hostname="EC2AMAZ-NDM7R0M" name="utils.ExcelDataProvider2" tests="4" failures="0" timestamp="10 Aug 2018 09:00:36 GMT" time="0.021" errors="0">
  <testcase name="test1" time="0.001" classname="utils.ExcelDataProvider2"/>
  <testcase name="test1" time="0.005" classname="utils.ExcelDataProvider2"/>
  <testcase name="test1" time="0.010" classname="utils.ExcelDataProvider2"/>
  <testcase name="test1" time="0.005" classname="utils.ExcelDataProvider2"/>
</testsuite> <!-- utils.ExcelDataProvider2 -->
