<?xml version="1.0" encoding="UTF-8"?>
<!-- Generated by org.testng.reporters.JUnitReportReporter -->
<testsuite skipped="0" hostname="EC2AMAZ-NDM7R0M" name="demo.TestNGDependencyDemo" tests="3" failures="0" timestamp="15 Aug 2018 02:09:11 GMT" time="0.016" errors="0">
  <testcase name="test2" time="0.009" classname="demo.TestNGDependencyDemo"/>
  <testcase name="test3" time="0.004" classname="demo.TestNGDependencyDemo"/>
  <testcase name="test1" time="0.003" classname="demo.TestNGDependencyDemo"/>
</testsuite> <!-- demo.TestNGDependencyDemo -->
