<?xml version="1.0" encoding="UTF-8"?>
<!-- Generated by org.testng.reporters.JUnitReportReporter -->
<testsuite skipped="0" hostname="EC2AMAZ-NDM7R0M" name="demo.TestNGParallelTestingDemo" tests="5" failures="0" timestamp="13 Aug 2018 06:27:25 GMT" time="0.042" errors="0">
  <testcase name="test2" time="0.002" classname="demo.TestNGParallelTestingDemo"/>
  <testcase name="test3" time="0.001" classname="demo.TestNGParallelTestingDemo"/>
  <testcase name="test1" time="0.013" classname="demo.TestNGParallelTestingDemo"/>
  <testcase name="test1" time="0.013" classname="demo.TestNGParallelTestingDemo"/>
  <testcase name="test1" time="0.013" classname="demo.TestNGParallelTestingDemo"/>
</testsuite> <!-- demo.TestNGParallelTestingDemo -->
