<?xml version="1.0" encoding="UTF-8"?>
<!-- Generated by org.testng.reporters.JUnitReportReporter -->
<testsuite skipped="1" hostname="EC2AMAZ-NDM7R0M" name="demo.TestNGIgnoreTestDemo" tests="2" failures="0" timestamp="15 Aug 2018 06:53:48 GMT" time="0.011" errors="0">
  <testcase name="test2" time="0.011" classname="demo.TestNGIgnoreTestDemo"/>
  <testcase name="test1" classname="demo.TestNGIgnoreTestDemo">
    <skipped/>
  </testcase> <!-- test1 -->
</testsuite> <!-- demo.TestNGIgnoreTestDemo -->
