<?xml version="1.0" encoding="UTF-8"?>
<!-- Generated by org.testng.reporters.JUnitReportReporter -->
<testsuite skipped="0" hostname="EC2AMAZ-NDM7R0M" name="demo.TestNGParametersDemo" tests="4" failures="0" timestamp="14 Aug 2018 10:08:13 GMT" time="0.013" errors="0">
  <testcase name="test4" time="0.001" classname="demo.TestNGParametersDemo"/>
  <testcase name="test3" time="0.009" classname="demo.TestNGParametersDemo"/>
  <testcase name="test1" time="0.002" classname="demo.TestNGParametersDemo"/>
  <testcase name="test2" time="0.001" classname="demo.TestNGParametersDemo"/>
</testsuite> <!-- demo.TestNGParametersDemo -->
