<?xml version="1.0" encoding="UTF-8"?>
<!-- Generated by org.testng.reporters.JUnitReportReporter -->
<testsuite skipped="1" hostname="EC2AMAZ-NDM7R0M" name="listeners.TestNGListenerDemo2" tests="3" failures="0" timestamp="11 Aug 2018 09:51:46 GMT" time="0.002" errors="0">
  <testcase name="test6" time="0.000" classname="listeners.TestNGListenerDemo2">
    <skipped/>
  </testcase> <!-- test6 -->
  <testcase name="test5" time="0.001" classname="listeners.TestNGListenerDemo2"/>
  <testcase name="test4" time="0.001" classname="listeners.TestNGListenerDemo2"/>
</testsuite> <!-- listeners.TestNGListenerDemo2 -->
