<?xml version="1.0" encoding="UTF-8"?>
<!-- Generated by org.testng.reporters.JUnitXMLReporter -->
<testsuite hostname="EC2AMAZ-NDM7R0M" ignored="4" tests="0" failures="0" timestamp="15 Aug 2018 07:03:26 GMT" time="0.015" errors="0">
  <testcase name="test1" time="0.0" classname="demo.TestNGParametersDemo">
    <ignored/>
  </testcase> <!-- test1 -->
  <testcase name="test3" time="0.0" classname="demo.TestNGParametersDemo">
    <ignored/>
  </testcase> <!-- test3 -->
  <testcase name="test4" time="0.0" classname="demo.TestNGParametersDemo">
    <ignored/>
  </testcase> <!-- test4 -->
  <testcase name="test2" time="0.0" classname="demo.TestNGParametersDemo">
    <ignored/>
  </testcase> <!-- test2 -->
</testsuite>
